<?xml version="1.0" encoding="UTF-8"?>
<!-- Generated by org.testng.reporters.JUnitReportReporter -->
<testsuite skipped="0" hostname="LAPTOP-I5MPUN7Q" name="com.helpBot.testcases.SigninTest" tests="1" failures="0" timestamp="2022-07-20T09:22:42 IST" time="12.238" errors="0">
  <testcase name="signIn" time="12.238" classname="com.helpBot.testcases.SigninTest"/>
  <system-out/>
</testsuite> <!-- com.helpBot.testcases.SigninTest -->
