<?xml version="1.0" encoding="UTF-8"?>
<!-- Generated by org.testng.reporters.JUnitReportReporter -->
<testsuite skipped="0" hostname="LAPTOP-I5MPUN7Q" name="com.helpBot.testcases.LoginTest" tests="1" failures="0" timestamp="2022-06-15T09:52:12 IST" time="13.390" errors="0">
  <testcase name="login" time="13.390" classname="com.helpBot.testcases.LoginTest"/>
  <system-out/>
</testsuite> <!-- com.helpBot.testcases.LoginTest -->
